<?xml version="1.0" encoding="UTF-8"?>
<!-- Generated by org.testng.reporters.JUnitXMLReporter -->
<testsuite hostname="LAPTOP-STO606QM" ignored="2" name="API Autpmation concepts" tests="20" failures="0" timestamp="2020-08-24T00:14:13 IST" time="14.738" errors="0">
  <testcase name="displayRequestBody" time="3.284" classname="APITestConcept.NewTest"/>
  <testcase name="getEmailOfSecondData" time="1.222" classname="APITestConcept.NewTest"/>
  <testcase name="getFirstNameOfSecondData" time="0.484" classname="APITestConcept.NewTest"/>
  <testcase name="getLastNameOfSecondData" time="0.452" classname="APITestConcept.NewTest"/>
  <testcase name="searchyFirstname" time="0.441" classname="APITestConcept.NewTest"/>
  <testcase name="useOfHeaderConcept" time="0.482" classname="APITestConcept.NewTest"/>
  <testcase name="useOfMap" time="0.441" classname="APITestConcept.NewTest"/>
  <testcase name="useOfPathParam" time="0.434" classname="APITestConcept.NewTest"/>
  <testcase name="useOfQueryParam" time="0.501" classname="APITestConcept.NewTest"/>
  <testcase name="validateHeaderPost" time="0.967" classname="APITestConcept.NewTest"/>
  <testcase name="validatePost" time="0.95" classname="APITestConcept.NewTest"/>
  <testcase name="validatePostWithPojoClass" time="0.952" classname="APITestConcept.NewTest"/>
  <testcase name="verifyCompanyUID2" time="0.453" classname="APITestConcept.NewTest"/>
  <testcase name="verifyEmailUID2" time="0.488" classname="APITestConcept.NewTest"/>
  <testcase name="verifyGetUsersSC" time="0.415" classname="APITestConcept.NewTest"/>
  <testcase name="verifyGivenFailedEndPoint" time="0.48" classname="APITestConcept.NewTest"/>
  <testcase name="verifyInvalidURL" time="0.452" classname="APITestConcept.NewTest"/>
  <testcase name="verifyListOfData" time="0.414" classname="APITestConcept.NewTest"/>
  <testcase name="verifyPerPageValue" time="0.454" classname="APITestConcept.NewTest"/>
  <testcase name="verifyStatusCodeDelete" time="0.832" classname="APITestConcept.NewTest"/>
  <testcase name="@BeforeSuite config" time="0.0" classname="com.automation.util.BaseTest">
    <ignored/>
  </testcase> <!-- @BeforeSuite config -->
  <testcase name="@AfterSuite endReport" time="0.0" classname="com.automation.util.BaseTest">
    <ignored/>
  </testcase> <!-- @AfterSuite endReport -->
</testsuite> <!-- API Autpmation concepts -->
